<?xml version="1.0" encoding="UTF-8"?>
<testng-results ignored="0" total="1" passed="1" failed="0" skipped="0">
  <reporter-output>
  </reporter-output>
  <suite started-at="2022-06-18T21:52:27 EDT" name="Default suite" finished-at="2022-06-18T21:52:41 EDT" duration-ms="14658">
    <groups>
    </groups>
    <test started-at="2022-06-18T21:52:27 EDT" name="Default test" finished-at="2022-06-18T21:52:41 EDT" duration-ms="14658">
      <class name="com.github.rezzco.QATemplate.Navbar">
        <test-method signature="navbarLoadingTest()[pri:0, instance:com.github.rezzco.QATemplate.Navbar@2a798d51]" started-at="2022-06-18T21:52:27 EDT" name="navbarLoadingTest" finished-at="2022-06-18T21:52:41 EDT" duration-ms="14632" status="PASS">
          <reporter-output>
          </reporter-output>
        </test-method> <!-- navbarLoadingTest -->
      </class> <!-- com.github.rezzco.QATemplate.Navbar -->
    </test> <!-- Default test -->
  </suite> <!-- Default suite -->
</testng-results>
